[2013-02-09 16:10:51] myapp.INFO: CREATE TABLE configuration (parameter VARCHAR(32) NOT NULL, value VARCHAR(32) NOT NULL, PRIMARY KEY("parameter")) [] []
[2013-02-09 16:10:51] myapp.INFO: Created configuration table [] []
[2013-02-09 16:11:59] myapp.INFO: Running: CREATE TABLE configuration (parameter VARCHAR(32) NOT NULL, value VARCHAR(32) NOT NULL, PRIMARY KEY("parameter"))  [] []
[2013-02-09 16:12:20] myapp.INFO: Running: CREATE TABLE configuration (parameter VARCHAR(32) NOT NULL, setting VARCHAR(32) NOT NULL, PRIMARY KEY("parameter"))  [] []
[2013-02-09 16:15:20] myapp.INFO: Running: CREATE TABLE configuration (parameter VARCHAR(32) NOT NULL, value VARCHAR(32) NOT NULL, PRIMARY KEY("parameter"))  [] []
[2013-02-09 16:16:52] myapp.INFO: Running: CREATE TABLE configuration (parameter VARCHAR(32) NOT NULL, value VARCHAR(32) NOT NULL, PRIMARY KEY("parameter"))  [] []
[2013-02-09 16:16:52] myapp.INFO: Created configuration table [] []
[2013-02-09 16:16:52] myapp.ERROR: Symfony\Component\HttpKernel\Exception\NotFoundHttpException: No route found for "GET /" (uncaught exception) at /mnt/www/lighthouse-fogbugz/vendor/symfony/http-kernel/Symfony/Component/HttpKernel/EventListener/RouterListener.php line 92 [] []
[2013-02-09 16:16:52] myapp.INFO: < 404 [] []
[2013-02-09 16:20:25] myapp.INFO: Running: CREATE TABLE configuration (parameter VARCHAR(32) NOT NULL, value VARCHAR(32) NOT NULL, PRIMARY KEY("parameter"))  [] []
[2013-02-09 16:20:25] myapp.INFO: Created configuration table [] []
[2013-02-09 16:20:25] myapp.ERROR: Symfony\Component\HttpKernel\Exception\NotFoundHttpException: No route found for "GET /" (uncaught exception) at /mnt/www/lighthouse-fogbugz/vendor/symfony/http-kernel/Symfony/Component/HttpKernel/EventListener/RouterListener.php line 92 [] []
[2013-02-09 16:20:25] myapp.INFO: < 404 [] []
[2013-02-09 16:21:21] myapp.INFO: Running: CREATE TABLE configuration (parameter VARCHAR(32) NOT NULL, value VARCHAR(32) NOT NULL, PRIMARY KEY("parameter"))  [] []
[2013-02-09 16:21:21] myapp.INFO: Created configuration table [] []
[2013-02-09 16:21:31] myapp.INFO: Running: CREATE TABLE configuration (parameter VARCHAR(32) NOT NULL, value VARCHAR(32) NOT NULL, PRIMARY KEY("parameter"))  [] []
[2013-02-09 16:21:31] myapp.INFO: Created configuration table [] []
[2013-02-09 16:21:51] myapp.INFO: Running: CREATE TABLE configuration (parameter VARCHAR(32) NOT NULL, value VARCHAR(32) NOT NULL, PRIMARY KEY("parameter"))  [] []
[2013-02-09 16:21:51] myapp.INFO: Created configuration table [] []
[2013-02-09 16:32:58] myapp.INFO: Running: CREATE TABLE configuration (parameter VARCHAR(32) NOT NULL, value VARCHAR(32) NOT NULL, PRIMARY KEY("parameter"))  [] []
[2013-02-09 16:32:58] myapp.INFO: Created configuration table [] []
[2013-02-09 16:33:44] myapp.INFO: Running: CREATE TABLE configuration (parameter VARCHAR(32) NOT NULL, value VARCHAR(32) NOT NULL, PRIMARY KEY("parameter"))  [] []
[2013-02-09 16:33:44] myapp.INFO: Created configuration table [] []
[2013-02-09 16:35:38] myapp.INFO: Running: CREATE TABLE configuration (parameter VARCHAR(32) NOT NULL, value VARCHAR(32) NOT NULL, PRIMARY KEY("parameter"))  [] []
[2013-02-09 16:35:38] myapp.INFO: Created configuration table [] []
[2013-02-09 17:05:47] myapp.INFO: Running: CREATE TABLE configuration (parameter VARCHAR(32) NOT NULL, value VARCHAR(32) NOT NULL, PRIMARY KEY("parameter"))  [] []
[2013-02-09 17:05:47] myapp.INFO: Created configuration table [] []
[2013-02-09 17:14:47] myapp.INFO: Running: CREATE TABLE configuration (parameter VARCHAR(32) NOT NULL, value VARCHAR(32) NOT NULL, PRIMARY KEY("parameter"))  [] []
[2013-02-09 17:14:47] myapp.INFO: Created configuration table [] []
[2013-02-09 17:15:19] myapp.INFO: Running: CREATE TABLE configuration (parameter VARCHAR(32) NOT NULL, value VARCHAR(32) NOT NULL, PRIMARY KEY("parameter"))  [] []
[2013-02-09 17:15:19] myapp.INFO: Created configuration table [] []
[2013-02-09 17:16:02] myapp.INFO: Running: CREATE TABLE configuration (parameter VARCHAR(32) NOT NULL, value VARCHAR(32) NOT NULL, PRIMARY KEY("parameter"))  [] []
[2013-02-09 17:16:02] myapp.INFO: Created configuration table [] []
[2013-02-09 17:16:28] myapp.INFO: Running: CREATE TABLE configuration (parameter VARCHAR(32) NOT NULL, value VARCHAR(32) NOT NULL, PRIMARY KEY("parameter"))  [] []
[2013-02-09 17:16:28] myapp.INFO: Created configuration table [] []
[2013-02-09 17:19:57] myapp.INFO: Running: CREATE TABLE configuration (parameter VARCHAR(32) NOT NULL, value VARCHAR(32) NOT NULL, PRIMARY KEY("parameter"))  [] []
[2013-02-09 17:19:57] myapp.INFO: Created configuration table [] []
[2013-02-09 17:21:16] myapp.INFO: Running: CREATE TABLE configuration (parameter VARCHAR(32) NOT NULL, value VARCHAR(32) NOT NULL, PRIMARY KEY("parameter"))  [] []
[2013-02-09 17:21:16] myapp.INFO: Created configuration table [] []
[2013-02-09 17:22:10] myapp.INFO: Running: CREATE TABLE configuration (parameter VARCHAR(32) NOT NULL, value VARCHAR(32) NOT NULL, PRIMARY KEY("parameter"))  [] []
[2013-02-09 17:22:10] myapp.INFO: Created configuration table [] []
[2013-02-09 17:22:49] myapp.INFO: Running: CREATE TABLE configuration (parameter VARCHAR(32) NOT NULL, value VARCHAR(32) NOT NULL, PRIMARY KEY("parameter"))  [] []
[2013-02-09 17:22:49] myapp.INFO: Created configuration table [] []
[2013-02-09 17:23:05] myapp.INFO: Running: CREATE TABLE configuration (parameter VARCHAR(32) NOT NULL, value VARCHAR(32) NOT NULL, PRIMARY KEY("parameter"))  [] []
[2013-02-09 17:23:05] myapp.INFO: Created configuration table [] []
[2013-02-09 17:23:51] myapp.INFO: Running: CREATE TABLE configuration (parameter VARCHAR(32) NOT NULL, value VARCHAR(32) NOT NULL, PRIMARY KEY("parameter"))  [] []
[2013-02-09 17:23:51] myapp.INFO: Created configuration table [] []
[2013-02-09 17:24:09] myapp.INFO: Running: CREATE TABLE configuration (parameter VARCHAR(32) NOT NULL, value VARCHAR(32) NOT NULL, PRIMARY KEY("parameter"))  [] []
[2013-02-09 17:24:09] myapp.INFO: Created configuration table [] []
[2013-02-09 17:24:30] myapp.INFO: Running: CREATE TABLE configuration (parameter VARCHAR(32) NOT NULL, value VARCHAR(32) NOT NULL, PRIMARY KEY("parameter"))  [] []
[2013-02-09 17:24:30] myapp.INFO: Created configuration table [] []
[2013-02-09 17:24:56] myapp.INFO: Running: CREATE TABLE configuration (parameter VARCHAR(32) NOT NULL, value VARCHAR(32) NOT NULL, PRIMARY KEY("parameter"))  [] []
[2013-02-09 17:24:56] myapp.INFO: Created configuration table [] []
[2013-02-09 17:25:19] myapp.INFO: Running: CREATE TABLE configuration (parameter VARCHAR(32) NOT NULL, value VARCHAR(32) NOT NULL, PRIMARY KEY("parameter"))  [] []
[2013-02-09 17:25:19] myapp.INFO: Created configuration table [] []
[2013-02-09 17:25:27] myapp.INFO: Running: CREATE TABLE configuration (parameter VARCHAR(32) NOT NULL, value VARCHAR(32) NOT NULL, PRIMARY KEY("parameter"))  [] []
[2013-02-09 17:25:27] myapp.INFO: Created configuration table [] []
[2013-02-09 17:26:20] myapp.INFO: Running: CREATE TABLE configuration (parameter VARCHAR(32) NOT NULL, value VARCHAR(32) NOT NULL, PRIMARY KEY("parameter"))  [] []
[2013-02-09 17:26:20] myapp.INFO: Created configuration table [] []
[2013-02-09 17:26:46] myapp.INFO: Running: CREATE TABLE configuration (parameter VARCHAR(32) NOT NULL, value VARCHAR(32) NOT NULL, PRIMARY KEY("parameter"))  [] []
[2013-02-09 17:26:46] myapp.INFO: Created configuration table [] []
[2013-02-09 17:30:34] myapp.INFO: Running: CREATE TABLE configuration (parameter VARCHAR(32) NOT NULL, value VARCHAR(32) NOT NULL, PRIMARY KEY("parameter"))  [] []
[2013-02-09 17:30:34] myapp.INFO: Created configuration table [] []
[2013-02-09 17:30:51] myapp.INFO: Running: CREATE TABLE configuration (parameter VARCHAR(32) NOT NULL, value VARCHAR(32) NOT NULL, PRIMARY KEY("parameter"))  [] []
[2013-02-09 17:30:51] myapp.INFO: Created configuration table [] []
[2013-02-09 17:31:02] myapp.INFO: Running: CREATE TABLE configuration (parameter VARCHAR(32) NOT NULL, value VARCHAR(32) NOT NULL, PRIMARY KEY("parameter"))  [] []
[2013-02-09 17:31:02] myapp.INFO: Created configuration table [] []
[2013-02-09 17:31:10] myapp.INFO: Running: CREATE TABLE configuration (parameter VARCHAR(32) NOT NULL, value VARCHAR(32) NOT NULL, PRIMARY KEY("parameter"))  [] []
[2013-02-09 17:31:10] myapp.INFO: Created configuration table [] []
[2013-02-09 17:31:28] myapp.INFO: Running: CREATE TABLE configuration (parameter VARCHAR(32) NOT NULL, value VARCHAR(32) NOT NULL, PRIMARY KEY("parameter"))  [] []
[2013-02-09 17:31:28] myapp.INFO: Created configuration table [] []
[2013-02-09 17:31:54] myapp.INFO: Running: CREATE TABLE configuration (parameter VARCHAR(32) NOT NULL, value VARCHAR(32) NOT NULL, PRIMARY KEY("parameter"))  [] []
[2013-02-09 17:31:54] myapp.INFO: Created configuration table [] []
[2013-02-09 17:32:08] myapp.INFO: Running: CREATE TABLE configuration (parameter VARCHAR(32) NOT NULL, value VARCHAR(32) NOT NULL, PRIMARY KEY("parameter"))  [] []
[2013-02-09 17:32:08] myapp.INFO: Created configuration table [] []
[2013-02-09 17:32:50] myapp.INFO: Running: CREATE TABLE configuration (parameter VARCHAR(32) NOT NULL, value VARCHAR(32) NOT NULL, PRIMARY KEY("parameter"))  [] []
[2013-02-09 17:32:50] myapp.INFO: Created configuration table [] []
[2013-02-09 17:35:19] myapp.INFO: Running: CREATE TABLE configuration (parameter VARCHAR(32) NOT NULL, value VARCHAR(32) NOT NULL, PRIMARY KEY("parameter"))  [] []
[2013-02-09 17:35:19] myapp.INFO: Created configuration table [] []
[2013-02-09 17:35:37] myapp.INFO: Running: CREATE TABLE configuration (parameter VARCHAR(32) NOT NULL, value VARCHAR(32) NOT NULL, PRIMARY KEY("parameter"))  [] []
[2013-02-09 17:35:37] myapp.INFO: Created configuration table [] []
[2013-02-09 17:35:52] myapp.INFO: Running: CREATE TABLE configuration (parameter VARCHAR(32) NOT NULL, value VARCHAR(32) NOT NULL, PRIMARY KEY("parameter"))  [] []
[2013-02-09 17:35:52] myapp.INFO: Created configuration table [] []
[2013-02-09 17:35:58] myapp.INFO: Running: CREATE TABLE configuration (parameter VARCHAR(32) NOT NULL, value VARCHAR(32) NOT NULL, PRIMARY KEY("parameter"))  [] []
[2013-02-09 17:35:58] myapp.INFO: Created configuration table [] []
[2013-02-09 17:36:11] myapp.INFO: Running: CREATE TABLE configuration (parameter VARCHAR(32) NOT NULL, value VARCHAR(32) NOT NULL, PRIMARY KEY("parameter"))  [] []
[2013-02-09 17:36:11] myapp.INFO: Created configuration table [] []
[2013-02-09 17:36:47] myapp.INFO: Running: CREATE TABLE configuration (parameter VARCHAR(32) NOT NULL, value VARCHAR(32) NOT NULL, PRIMARY KEY("parameter"))  [] []
[2013-02-09 17:36:47] myapp.INFO: Created configuration table [] []
[2013-02-09 17:37:21] myapp.INFO: Running: CREATE TABLE configuration (parameter VARCHAR(32) NOT NULL, value VARCHAR(32) NOT NULL, PRIMARY KEY("parameter"))  [] []
[2013-02-09 17:37:21] myapp.INFO: Created configuration table [] []
[2013-02-09 17:37:48] myapp.INFO: Running: CREATE TABLE configuration (parameter VARCHAR(32) NOT NULL, value VARCHAR(32) NOT NULL, PRIMARY KEY("parameter"))  [] []
[2013-02-09 17:37:48] myapp.INFO: Created configuration table [] []
[2013-02-09 17:39:11] myapp.INFO: Running: CREATE TABLE configuration (parameter VARCHAR(32) NOT NULL, value VARCHAR(32) NOT NULL, PRIMARY KEY("parameter"))  [] []
[2013-02-09 17:39:11] myapp.INFO: Created configuration table [] []
[2013-02-09 17:39:33] myapp.INFO: Running: CREATE TABLE configuration (parameter VARCHAR(32) NOT NULL, value VARCHAR(32) NOT NULL, PRIMARY KEY("parameter"))  [] []
[2013-02-09 17:39:33] myapp.INFO: Created configuration table [] []
[2013-02-09 17:45:24] myapp.INFO: Running: CREATE TABLE configuration (parameter VARCHAR(32) NOT NULL, value VARCHAR(32) NOT NULL, PRIMARY KEY("parameter"))  [] []
[2013-02-09 17:45:24] myapp.INFO: Created configuration table [] []
[2013-02-09 17:45:49] myapp.INFO: Running: CREATE TABLE configuration (parameter VARCHAR(32) NOT NULL, value VARCHAR(32) NOT NULL, PRIMARY KEY("parameter"))  [] []
[2013-02-09 17:45:49] myapp.INFO: Created configuration table [] []
[2013-02-09 17:45:58] myapp.INFO: Running: CREATE TABLE configuration (parameter VARCHAR(32) NOT NULL, value VARCHAR(32) NOT NULL, PRIMARY KEY("parameter"))  [] []
[2013-02-09 17:45:58] myapp.INFO: Created configuration table [] []
[2013-02-09 17:46:14] myapp.INFO: Running: CREATE TABLE configuration (parameter VARCHAR(32) NOT NULL, value VARCHAR(32) NOT NULL, PRIMARY KEY("parameter"))  [] []
[2013-02-09 17:46:14] myapp.INFO: Created configuration table [] []
[2013-02-09 17:46:23] myapp.INFO: Running: CREATE TABLE configuration (parameter VARCHAR(32) NOT NULL, value VARCHAR(32) NOT NULL, PRIMARY KEY("parameter"))  [] []
[2013-02-09 17:46:23] myapp.INFO: Created configuration table [] []
[2013-02-09 17:47:09] myapp.INFO: Running: CREATE TABLE configuration (parameter VARCHAR(32) NOT NULL, value VARCHAR(32) NOT NULL, PRIMARY KEY("parameter"))  [] []
[2013-02-09 17:47:09] myapp.INFO: Created configuration table [] []
[2013-02-09 17:47:30] myapp.INFO: Running: CREATE TABLE configuration (parameter VARCHAR(32) NOT NULL, value VARCHAR(32) NOT NULL, PRIMARY KEY("parameter"))  [] []
[2013-02-09 17:47:30] myapp.INFO: Created configuration table [] []
[2013-02-09 17:47:38] myapp.INFO: Running: CREATE TABLE configuration (parameter VARCHAR(32) NOT NULL, value VARCHAR(32) NOT NULL, PRIMARY KEY("parameter"))  [] []
[2013-02-09 17:47:38] myapp.INFO: Created configuration table [] []
[2013-02-09 17:48:20] myapp.INFO: Running: CREATE TABLE configuration (parameter VARCHAR(32) NOT NULL, value VARCHAR(32) NOT NULL, PRIMARY KEY("parameter"))  [] []
[2013-02-09 17:48:20] myapp.INFO: Created configuration table [] []
[2013-02-09 17:48:57] myapp.INFO: Running: CREATE TABLE configuration (parameter VARCHAR(32) NOT NULL, value VARCHAR(32) NOT NULL, PRIMARY KEY("parameter"))  [] []
[2013-02-09 17:48:57] myapp.INFO: Created configuration table [] []
[2013-02-09 17:49:12] myapp.INFO: Running: CREATE TABLE configuration (parameter VARCHAR(32) NOT NULL, value VARCHAR(32) NOT NULL, PRIMARY KEY("parameter"))  [] []
[2013-02-09 17:49:12] myapp.INFO: Created configuration table [] []
[2013-02-09 17:49:32] myapp.INFO: Running: CREATE TABLE configuration (parameter VARCHAR(32) NOT NULL, value VARCHAR(32) NOT NULL, PRIMARY KEY("parameter"))  [] []
[2013-02-09 17:49:32] myapp.INFO: Created configuration table [] []
[2013-02-09 17:50:41] myapp.INFO: Running: CREATE TABLE configuration (parameter VARCHAR(32) NOT NULL, value VARCHAR(32) NOT NULL, PRIMARY KEY("parameter"))  [] []
[2013-02-09 17:50:41] myapp.INFO: Created configuration table [] []
[2013-02-09 17:50:52] myapp.INFO: Running: CREATE TABLE configuration (parameter VARCHAR(32) NOT NULL, value VARCHAR(32) NOT NULL, PRIMARY KEY("parameter"))  [] []
[2013-02-09 17:50:52] myapp.INFO: Created configuration table [] []
[2013-02-09 17:51:06] myapp.INFO: Running: CREATE TABLE configuration (parameter VARCHAR(32) NOT NULL, value VARCHAR(32) NOT NULL, PRIMARY KEY("parameter"))  [] []
[2013-02-09 17:51:06] myapp.INFO: Created configuration table [] []
[2013-02-09 17:51:28] myapp.INFO: Running: CREATE TABLE configuration (parameter VARCHAR(32) NOT NULL, value VARCHAR(32) NOT NULL, PRIMARY KEY("parameter"))  [] []
[2013-02-09 17:51:28] myapp.INFO: Created configuration table [] []
[2013-02-09 17:52:20] myapp.INFO: Running: CREATE TABLE configuration (parameter VARCHAR(32) NOT NULL, value VARCHAR(32) NOT NULL, PRIMARY KEY("parameter"))  [] []
[2013-02-09 17:52:20] myapp.INFO: Created configuration table [] []
[2013-02-09 18:16:53] myapp.INFO: Running: CREATE TABLE configuration (parameter VARCHAR(32) NOT NULL, value VARCHAR(32) NOT NULL, PRIMARY KEY("parameter"))  [] []
[2013-02-09 18:16:53] myapp.INFO: Created configuration table [] []
[2013-02-09 18:18:19] myapp.INFO: Running: CREATE TABLE configuration (parameter VARCHAR(32) NOT NULL, value VARCHAR(32) NOT NULL, PRIMARY KEY("parameter"))  [] []
[2013-02-09 18:18:19] myapp.INFO: Created configuration table [] []
[2013-02-09 18:18:35] myapp.INFO: Running: CREATE TABLE configuration (parameter VARCHAR(32) NOT NULL, value VARCHAR(32) NOT NULL, PRIMARY KEY("parameter"))  [] []
[2013-02-09 18:18:35] myapp.INFO: Created configuration table [] []
[2013-02-09 19:16:50] myapp.INFO: Running: CREATE TABLE configuration (parameter VARCHAR(32) NOT NULL, value VARCHAR(32) NOT NULL, PRIMARY KEY("parameter"))  [] []
[2013-02-09 19:16:50] myapp.INFO: Created configuration table [] []
[2013-02-09 19:17:28] myapp.INFO: Running: CREATE TABLE configuration (parameter VARCHAR(32) NOT NULL, value VARCHAR(32) NOT NULL, PRIMARY KEY("parameter"))  [] []
[2013-02-09 19:17:28] myapp.INFO: Created configuration table [] []
[2013-02-09 19:17:54] myapp.INFO: Running: CREATE TABLE configuration (parameter VARCHAR(32) NOT NULL, value VARCHAR(32) NOT NULL, PRIMARY KEY("parameter"))  [] []
[2013-02-09 19:17:54] myapp.INFO: Created configuration table [] []
[2013-02-09 19:18:24] myapp.INFO: Running: CREATE TABLE configuration (parameter VARCHAR(32) NOT NULL, value VARCHAR(32) NOT NULL, PRIMARY KEY("parameter"))  [] []
[2013-02-09 19:23:35] myapp.INFO: Running: CREATE TABLE configuration (parameter VARCHAR(32) NOT NULL, value VARCHAR(32) NOT NULL, PRIMARY KEY("parameter"))  [] []
[2013-02-09 19:23:35] myapp.INFO: Created configuration table [] []
[2013-02-09 19:25:01] myapp.INFO: Running: CREATE TABLE configuration (parameter VARCHAR(32) NOT NULL, value VARCHAR(32) NOT NULL, PRIMARY KEY("parameter"))  [] []
[2013-02-09 19:25:01] myapp.INFO: Created configuration table [] []
[2013-02-09 19:38:44] myapp.INFO: Running: CREATE TABLE configuration (parameter VARCHAR(32) NOT NULL, value VARCHAR(32) NOT NULL, PRIMARY KEY("parameter"))  [] []
[2013-02-09 19:38:44] myapp.INFO: Created configuration table [] []
[2013-02-09 19:39:11] myapp.INFO: Running: CREATE TABLE configuration (parameter VARCHAR(32) NOT NULL, value VARCHAR(32) NOT NULL, PRIMARY KEY("parameter"))  [] []
[2013-02-09 19:39:11] myapp.INFO: Created configuration table [] []
[2013-02-09 19:39:11] myapp.INFO: Inserted new records [] []
[2013-02-09 19:39:11] myapp.INFO: Inserted new records [] []
[2013-02-09 19:39:11] myapp.INFO: Inserted new records [] []
[2013-02-09 19:39:12] myapp.INFO: Inserted new records [] []
[2013-02-09 19:39:12] myapp.INFO: Inserted new records [] []
[2013-02-09 19:39:12] myapp.INFO: Inserted new records [] []
[2013-02-09 19:39:12] myapp.INFO: Inserted new records [] []
[2013-02-09 19:41:06] myapp.INFO: Running: CREATE TABLE configuration (parameter VARCHAR(32) NOT NULL, value VARCHAR(32) NOT NULL, PRIMARY KEY("parameter"))  [] []
[2013-02-09 19:41:06] myapp.INFO: Created configuration table [] []
[2013-02-09 19:41:07] myapp.INFO: Inserted new records [] []
[2013-02-09 19:41:07] myapp.INFO: Inserted new records [] []
[2013-02-09 19:41:45] myapp.INFO: Running: CREATE TABLE configuration (parameter VARCHAR(32) NOT NULL, value VARCHAR(32) NOT NULL, PRIMARY KEY("parameter"))  [] []
[2013-02-09 19:41:45] myapp.INFO: Created configuration table [] []
[2013-02-09 19:41:46] myapp.INFO: Inserted new records [] []
[2013-02-09 19:41:46] myapp.INFO: Inserted new records [] []
[2013-02-09 19:41:46] myapp.INFO: Inserted new records [] []
[2013-02-09 19:42:29] myapp.INFO: Running: CREATE TABLE configuration (parameter VARCHAR(32) NOT NULL, value VARCHAR(32) NOT NULL, PRIMARY KEY("parameter"))  [] []
[2013-02-09 19:42:29] myapp.INFO: Created configuration table [] []
[2013-02-09 19:42:30] myapp.INFO: Inserted new records [] []
[2013-02-09 19:42:30] myapp.INFO: Inserted new records [] []
[2013-02-09 19:42:30] myapp.INFO: Inserted new records [] []
